0 info it worked if it ends with ok
1 verbose cli [ '/usr/local/bin/node',
1 verbose cli   '/usr/local/bin/npm',
1 verbose cli   'install',
1 verbose cli   '-g',
1 verbose cli   'grunt-cli',
1 verbose cli   'npm',
1 verbose cli   'install',
1 verbose cli   '–save-dev',
1 verbose cli   'grunt',
1 verbose cli   'touch',
1 verbose cli   'Gruntfile.js' ]
2 info using npm@3.10.10
3 info using node@v6.11.4
4 silly loadCurrentTree Starting
5 silly install loadCurrentTree
6 silly install readGlobalPackageData
7 silly fetchPackageMetaData grunt-cli
8 silly fetchPackageMetaData npm
9 silly fetchPackageMetaData install
10 silly fetchPackageMetaData –save-dev
11 silly fetchPackageMetaData grunt
12 silly fetchPackageMetaData touch
13 silly fetchPackageMetaData Gruntfile.js
14 silly fetchNamedPackageData grunt-cli
15 silly mapToRegistry name grunt-cli
16 silly mapToRegistry using default registry
17 silly mapToRegistry registry https://registry.npmjs.org/
18 silly mapToRegistry data Result {
18 silly mapToRegistry   raw: 'grunt-cli',
18 silly mapToRegistry   scope: null,
18 silly mapToRegistry   escapedName: 'grunt-cli',
18 silly mapToRegistry   name: 'grunt-cli',
18 silly mapToRegistry   rawSpec: '',
18 silly mapToRegistry   spec: 'latest',
18 silly mapToRegistry   type: 'tag' }
19 silly mapToRegistry uri https://registry.npmjs.org/grunt-cli
20 silly fetchNamedPackageData npm
21 silly mapToRegistry name npm
22 silly mapToRegistry using default registry
23 silly mapToRegistry registry https://registry.npmjs.org/
24 silly mapToRegistry data Result {
24 silly mapToRegistry   raw: 'npm',
24 silly mapToRegistry   scope: null,
24 silly mapToRegistry   escapedName: 'npm',
24 silly mapToRegistry   name: 'npm',
24 silly mapToRegistry   rawSpec: '',
24 silly mapToRegistry   spec: 'latest',
24 silly mapToRegistry   type: 'tag' }
25 silly mapToRegistry uri https://registry.npmjs.org/npm
26 silly fetchNamedPackageData install
27 silly mapToRegistry name install
28 silly mapToRegistry using default registry
29 silly mapToRegistry registry https://registry.npmjs.org/
30 silly mapToRegistry data Result {
30 silly mapToRegistry   raw: 'install',
30 silly mapToRegistry   scope: null,
30 silly mapToRegistry   escapedName: 'install',
30 silly mapToRegistry   name: 'install',
30 silly mapToRegistry   rawSpec: '',
30 silly mapToRegistry   spec: 'latest',
30 silly mapToRegistry   type: 'tag' }
31 silly mapToRegistry uri https://registry.npmjs.org/install
32 silly fetchOtherPackageData –save-dev
33 silly cache add args [ '–save-dev', null ]
34 verbose cache add spec –save-dev
35 silly fetchNamedPackageData grunt
36 silly mapToRegistry name grunt
37 silly mapToRegistry using default registry
38 silly mapToRegistry registry https://registry.npmjs.org/
39 silly mapToRegistry data Result {
39 silly mapToRegistry   raw: 'grunt',
39 silly mapToRegistry   scope: null,
39 silly mapToRegistry   escapedName: 'grunt',
39 silly mapToRegistry   name: 'grunt',
39 silly mapToRegistry   rawSpec: '',
39 silly mapToRegistry   spec: 'latest',
39 silly mapToRegistry   type: 'tag' }
40 silly mapToRegistry uri https://registry.npmjs.org/grunt
41 silly fetchNamedPackageData touch
42 silly mapToRegistry name touch
43 silly mapToRegistry using default registry
44 silly mapToRegistry registry https://registry.npmjs.org/
45 silly mapToRegistry data Result {
45 silly mapToRegistry   raw: 'touch',
45 silly mapToRegistry   scope: null,
45 silly mapToRegistry   escapedName: 'touch',
45 silly mapToRegistry   name: 'touch',
45 silly mapToRegistry   rawSpec: '',
45 silly mapToRegistry   spec: 'latest',
45 silly mapToRegistry   type: 'tag' }
46 silly mapToRegistry uri https://registry.npmjs.org/touch
47 silly fetchNamedPackageData Gruntfile.js
48 silly mapToRegistry name Gruntfile.js
49 silly mapToRegistry using default registry
50 silly mapToRegistry registry https://registry.npmjs.org/
51 silly mapToRegistry data Result {
51 silly mapToRegistry   raw: 'Gruntfile.js',
51 silly mapToRegistry   scope: null,
51 silly mapToRegistry   escapedName: 'Gruntfile.js',
51 silly mapToRegistry   name: 'Gruntfile.js',
51 silly mapToRegistry   rawSpec: '',
51 silly mapToRegistry   spec: 'latest',
51 silly mapToRegistry   type: 'tag' }
52 silly mapToRegistry uri https://registry.npmjs.org/Gruntfile.js
53 verbose request uri https://registry.npmjs.org/grunt-cli
54 verbose request no auth needed
55 info attempt registry request try #1 at 11:14:49 PM
56 verbose request id 8ce6fcb25a9c8ad0
57 http request GET https://registry.npmjs.org/grunt-cli
58 verbose request uri https://registry.npmjs.org/npm
59 verbose request no auth needed
60 info attempt registry request try #1 at 11:14:49 PM
61 http request GET https://registry.npmjs.org/npm
62 verbose request uri https://registry.npmjs.org/install
63 verbose request no auth needed
64 info attempt registry request try #1 at 11:14:49 PM
65 http request GET https://registry.npmjs.org/install
66 silly cache add parsed spec Result {
66 silly cache add   raw: '–save-dev',
66 silly cache add   scope: null,
66 silly cache add   escapedName: null,
66 silly cache add   name: null,
66 silly cache add   rawSpec: '–save-dev',
66 silly cache add   spec: '/Users/yousef/Documents/GitHub/frontend-nanodegree-mobile-portfolio-master/–save-dev',
66 silly cache add   type: 'local' }
67 verbose request uri https://registry.npmjs.org/grunt
68 verbose request no auth needed
69 info attempt registry request try #1 at 11:14:49 PM
70 http request GET https://registry.npmjs.org/grunt
71 info retry will retry, error on last attempt: TypeError: The header content contains invalid characters
72 info retry will retry, error on last attempt: TypeError: The header content contains invalid characters
73 info retry will retry, error on last attempt: TypeError: The header content contains invalid characters
74 info retry will retry, error on last attempt: TypeError: The header content contains invalid characters
75 verbose request uri https://registry.npmjs.org/Gruntfile.js
76 verbose request no auth needed
77 info attempt registry request try #1 at 11:14:49 PM
78 http request GET https://registry.npmjs.org/Gruntfile.js
79 error addLocal Could not install /Users/yousef/Documents/GitHub/frontend-nanodegree-mobile-portfolio-master/–save-dev
80 silly fetchPackageMetaData Error: ENOENT: no such file or directory, open '/Users/yousef/Documents/GitHub/frontend-nanodegree-mobile-portfolio-master/–save-dev'
80 silly fetchPackageMetaData     at Error (native)
80 silly fetchPackageMetaData  error for –save-dev { Error: ENOENT: no such file or directory, open '/Users/yousef/Documents/GitHub/frontend-nanodegree-mobile-portfolio-master/–save-dev'
80 silly fetchPackageMetaData     at Error (native)
80 silly fetchPackageMetaData   errno: -2,
80 silly fetchPackageMetaData   code: 'ENOENT',
80 silly fetchPackageMetaData   syscall: 'open',
80 silly fetchPackageMetaData   path: '/Users/yousef/Documents/GitHub/frontend-nanodegree-mobile-portfolio-master/–save-dev' }
81 info retry will retry, error on last attempt: TypeError: The header content contains invalid characters
82 verbose request uri https://registry.npmjs.org/touch
83 verbose request no auth needed
84 info attempt registry request try #1 at 11:14:49 PM
85 verbose etag W/"59b58206-32e3"
86 verbose lastModified Sun, 10 Sep 2017 18:18:46 GMT
87 http request GET https://registry.npmjs.org/touch
88 info retry will retry, error on last attempt: TypeError: The header content contains invalid characters
89 info attempt registry request try #2 at 11:14:59 PM
90 http request GET https://registry.npmjs.org/grunt-cli
91 info attempt registry request try #2 at 11:14:59 PM
92 http request GET https://registry.npmjs.org/npm
93 info attempt registry request try #2 at 11:14:59 PM
94 http request GET https://registry.npmjs.org/install
95 info attempt registry request try #2 at 11:14:59 PM
96 http request GET https://registry.npmjs.org/grunt
97 info attempt registry request try #2 at 11:14:59 PM
98 http request GET https://registry.npmjs.org/Gruntfile.js
99 info retry will retry, error on last attempt: TypeError: The header content contains invalid characters
100 info retry will retry, error on last attempt: TypeError: The header content contains invalid characters
101 info retry will retry, error on last attempt: TypeError: The header content contains invalid characters
102 info retry will retry, error on last attempt: TypeError: The header content contains invalid characters
103 info retry will retry, error on last attempt: TypeError: The header content contains invalid characters
104 info attempt registry request try #2 at 11:14:59 PM
105 verbose etag W/"59b58206-32e3"
106 verbose lastModified Sun, 10 Sep 2017 18:18:46 GMT
107 http request GET https://registry.npmjs.org/touch
108 info retry will retry, error on last attempt: TypeError: The header content contains invalid characters
109 info attempt registry request try #3 at 11:15:59 PM
110 http request GET https://registry.npmjs.org/grunt-cli
111 info attempt registry request try #3 at 11:15:59 PM
112 http request GET https://registry.npmjs.org/npm
113 info attempt registry request try #3 at 11:15:59 PM
114 http request GET https://registry.npmjs.org/install
115 info attempt registry request try #3 at 11:15:59 PM
116 http request GET https://registry.npmjs.org/grunt
117 info attempt registry request try #3 at 11:15:59 PM
118 http request GET https://registry.npmjs.org/Gruntfile.js
119 info attempt registry request try #3 at 11:15:59 PM
120 verbose etag W/"59b58206-32e3"
121 verbose lastModified Sun, 10 Sep 2017 18:18:46 GMT
122 http request GET https://registry.npmjs.org/touch
123 silly fetchPackageMetaData TypeError: The header content contains invalid characters
123 silly fetchPackageMetaData     at ClientRequest.OutgoingMessage.setHeader (_http_outgoing.js:359:11)
123 silly fetchPackageMetaData     at new ClientRequest (_http_client.js:85:14)
123 silly fetchPackageMetaData     at Object.exports.request (http.js:31:10)
123 silly fetchPackageMetaData     at Object.exports.request (https.js:202:15)
123 silly fetchPackageMetaData     at Request.start (/usr/local/lib/node_modules/npm/node_modules/request/request.js:740:32)
123 silly fetchPackageMetaData     at Request.end (/usr/local/lib/node_modules/npm/node_modules/request/request.js:1398:10)
123 silly fetchPackageMetaData     at end (/usr/local/lib/node_modules/npm/node_modules/request/request.js:567:14)
123 silly fetchPackageMetaData     at Immediate.<anonymous> (/usr/local/lib/node_modules/npm/node_modules/request/request.js:581:7)
123 silly fetchPackageMetaData     at runCallback (timers.js:672:20)
123 silly fetchPackageMetaData     at tryOnImmediate (timers.js:645:5)
123 silly fetchPackageMetaData  error for grunt-cli TypeError: The header content contains invalid characters
123 silly fetchPackageMetaData     at ClientRequest.OutgoingMessage.setHeader (_http_outgoing.js:359:11)
123 silly fetchPackageMetaData     at new ClientRequest (_http_client.js:85:14)
123 silly fetchPackageMetaData     at Object.exports.request (http.js:31:10)
123 silly fetchPackageMetaData     at Object.exports.request (https.js:202:15)
123 silly fetchPackageMetaData     at Request.start (/usr/local/lib/node_modules/npm/node_modules/request/request.js:740:32)
123 silly fetchPackageMetaData     at Request.end (/usr/local/lib/node_modules/npm/node_modules/request/request.js:1398:10)
123 silly fetchPackageMetaData     at end (/usr/local/lib/node_modules/npm/node_modules/request/request.js:567:14)
123 silly fetchPackageMetaData     at Immediate.<anonymous> (/usr/local/lib/node_modules/npm/node_modules/request/request.js:581:7)
123 silly fetchPackageMetaData     at runCallback (timers.js:672:20)
123 silly fetchPackageMetaData     at tryOnImmediate (timers.js:645:5)
124 silly fetchPackageMetaData TypeError: The header content contains invalid characters
124 silly fetchPackageMetaData     at ClientRequest.OutgoingMessage.setHeader (_http_outgoing.js:359:11)
124 silly fetchPackageMetaData     at new ClientRequest (_http_client.js:85:14)
124 silly fetchPackageMetaData     at Object.exports.request (http.js:31:10)
124 silly fetchPackageMetaData     at Object.exports.request (https.js:202:15)
124 silly fetchPackageMetaData     at Request.start (/usr/local/lib/node_modules/npm/node_modules/request/request.js:740:32)
124 silly fetchPackageMetaData     at Request.end (/usr/local/lib/node_modules/npm/node_modules/request/request.js:1398:10)
124 silly fetchPackageMetaData     at end (/usr/local/lib/node_modules/npm/node_modules/request/request.js:567:14)
124 silly fetchPackageMetaData     at Immediate.<anonymous> (/usr/local/lib/node_modules/npm/node_modules/request/request.js:581:7)
124 silly fetchPackageMetaData     at runCallback (timers.js:672:20)
124 silly fetchPackageMetaData     at tryOnImmediate (timers.js:645:5)
124 silly fetchPackageMetaData  error for npm TypeError: The header content contains invalid characters
124 silly fetchPackageMetaData     at ClientRequest.OutgoingMessage.setHeader (_http_outgoing.js:359:11)
124 silly fetchPackageMetaData     at new ClientRequest (_http_client.js:85:14)
124 silly fetchPackageMetaData     at Object.exports.request (http.js:31:10)
124 silly fetchPackageMetaData     at Object.exports.request (https.js:202:15)
124 silly fetchPackageMetaData     at Request.start (/usr/local/lib/node_modules/npm/node_modules/request/request.js:740:32)
124 silly fetchPackageMetaData     at Request.end (/usr/local/lib/node_modules/npm/node_modules/request/request.js:1398:10)
124 silly fetchPackageMetaData     at end (/usr/local/lib/node_modules/npm/node_modules/request/request.js:567:14)
124 silly fetchPackageMetaData     at Immediate.<anonymous> (/usr/local/lib/node_modules/npm/node_modules/request/request.js:581:7)
124 silly fetchPackageMetaData     at runCallback (timers.js:672:20)
124 silly fetchPackageMetaData     at tryOnImmediate (timers.js:645:5)
125 silly fetchPackageMetaData TypeError: The header content contains invalid characters
125 silly fetchPackageMetaData     at ClientRequest.OutgoingMessage.setHeader (_http_outgoing.js:359:11)
125 silly fetchPackageMetaData     at new ClientRequest (_http_client.js:85:14)
125 silly fetchPackageMetaData     at Object.exports.request (http.js:31:10)
125 silly fetchPackageMetaData     at Object.exports.request (https.js:202:15)
125 silly fetchPackageMetaData     at Request.start (/usr/local/lib/node_modules/npm/node_modules/request/request.js:740:32)
125 silly fetchPackageMetaData     at Request.end (/usr/local/lib/node_modules/npm/node_modules/request/request.js:1398:10)
125 silly fetchPackageMetaData     at end (/usr/local/lib/node_modules/npm/node_modules/request/request.js:567:14)
125 silly fetchPackageMetaData     at Immediate.<anonymous> (/usr/local/lib/node_modules/npm/node_modules/request/request.js:581:7)
125 silly fetchPackageMetaData     at runCallback (timers.js:672:20)
125 silly fetchPackageMetaData     at tryOnImmediate (timers.js:645:5)
125 silly fetchPackageMetaData  error for install TypeError: The header content contains invalid characters
125 silly fetchPackageMetaData     at ClientRequest.OutgoingMessage.setHeader (_http_outgoing.js:359:11)
125 silly fetchPackageMetaData     at new ClientRequest (_http_client.js:85:14)
125 silly fetchPackageMetaData     at Object.exports.request (http.js:31:10)
125 silly fetchPackageMetaData     at Object.exports.request (https.js:202:15)
125 silly fetchPackageMetaData     at Request.start (/usr/local/lib/node_modules/npm/node_modules/request/request.js:740:32)
125 silly fetchPackageMetaData     at Request.end (/usr/local/lib/node_modules/npm/node_modules/request/request.js:1398:10)
125 silly fetchPackageMetaData     at end (/usr/local/lib/node_modules/npm/node_modules/request/request.js:567:14)
125 silly fetchPackageMetaData     at Immediate.<anonymous> (/usr/local/lib/node_modules/npm/node_modules/request/request.js:581:7)
125 silly fetchPackageMetaData     at runCallback (timers.js:672:20)
125 silly fetchPackageMetaData     at tryOnImmediate (timers.js:645:5)
126 silly fetchPackageMetaData TypeError: The header content contains invalid characters
126 silly fetchPackageMetaData     at ClientRequest.OutgoingMessage.setHeader (_http_outgoing.js:359:11)
126 silly fetchPackageMetaData     at new ClientRequest (_http_client.js:85:14)
126 silly fetchPackageMetaData     at Object.exports.request (http.js:31:10)
126 silly fetchPackageMetaData     at Object.exports.request (https.js:202:15)
126 silly fetchPackageMetaData     at Request.start (/usr/local/lib/node_modules/npm/node_modules/request/request.js:740:32)
126 silly fetchPackageMetaData     at Request.end (/usr/local/lib/node_modules/npm/node_modules/request/request.js:1398:10)
126 silly fetchPackageMetaData     at end (/usr/local/lib/node_modules/npm/node_modules/request/request.js:567:14)
126 silly fetchPackageMetaData     at Immediate.<anonymous> (/usr/local/lib/node_modules/npm/node_modules/request/request.js:581:7)
126 silly fetchPackageMetaData     at runCallback (timers.js:672:20)
126 silly fetchPackageMetaData     at tryOnImmediate (timers.js:645:5)
126 silly fetchPackageMetaData  error for grunt TypeError: The header content contains invalid characters
126 silly fetchPackageMetaData     at ClientRequest.OutgoingMessage.setHeader (_http_outgoing.js:359:11)
126 silly fetchPackageMetaData     at new ClientRequest (_http_client.js:85:14)
126 silly fetchPackageMetaData     at Object.exports.request (http.js:31:10)
126 silly fetchPackageMetaData     at Object.exports.request (https.js:202:15)
126 silly fetchPackageMetaData     at Request.start (/usr/local/lib/node_modules/npm/node_modules/request/request.js:740:32)
126 silly fetchPackageMetaData     at Request.end (/usr/local/lib/node_modules/npm/node_modules/request/request.js:1398:10)
126 silly fetchPackageMetaData     at end (/usr/local/lib/node_modules/npm/node_modules/request/request.js:567:14)
126 silly fetchPackageMetaData     at Immediate.<anonymous> (/usr/local/lib/node_modules/npm/node_modules/request/request.js:581:7)
126 silly fetchPackageMetaData     at runCallback (timers.js:672:20)
126 silly fetchPackageMetaData     at tryOnImmediate (timers.js:645:5)
127 silly fetchPackageMetaData TypeError: The header content contains invalid characters
127 silly fetchPackageMetaData     at ClientRequest.OutgoingMessage.setHeader (_http_outgoing.js:359:11)
127 silly fetchPackageMetaData     at new ClientRequest (_http_client.js:85:14)
127 silly fetchPackageMetaData     at Object.exports.request (http.js:31:10)
127 silly fetchPackageMetaData     at Object.exports.request (https.js:202:15)
127 silly fetchPackageMetaData     at Request.start (/usr/local/lib/node_modules/npm/node_modules/request/request.js:740:32)
127 silly fetchPackageMetaData     at Request.end (/usr/local/lib/node_modules/npm/node_modules/request/request.js:1398:10)
127 silly fetchPackageMetaData     at end (/usr/local/lib/node_modules/npm/node_modules/request/request.js:567:14)
127 silly fetchPackageMetaData     at Immediate.<anonymous> (/usr/local/lib/node_modules/npm/node_modules/request/request.js:581:7)
127 silly fetchPackageMetaData     at runCallback (timers.js:672:20)
127 silly fetchPackageMetaData     at tryOnImmediate (timers.js:645:5)
127 silly fetchPackageMetaData  error for Gruntfile.js TypeError: The header content contains invalid characters
127 silly fetchPackageMetaData     at ClientRequest.OutgoingMessage.setHeader (_http_outgoing.js:359:11)
127 silly fetchPackageMetaData     at new ClientRequest (_http_client.js:85:14)
127 silly fetchPackageMetaData     at Object.exports.request (http.js:31:10)
127 silly fetchPackageMetaData     at Object.exports.request (https.js:202:15)
127 silly fetchPackageMetaData     at Request.start (/usr/local/lib/node_modules/npm/node_modules/request/request.js:740:32)
127 silly fetchPackageMetaData     at Request.end (/usr/local/lib/node_modules/npm/node_modules/request/request.js:1398:10)
127 silly fetchPackageMetaData     at end (/usr/local/lib/node_modules/npm/node_modules/request/request.js:567:14)
127 silly fetchPackageMetaData     at Immediate.<anonymous> (/usr/local/lib/node_modules/npm/node_modules/request/request.js:581:7)
127 silly fetchPackageMetaData     at runCallback (timers.js:672:20)
127 silly fetchPackageMetaData     at tryOnImmediate (timers.js:645:5)
128 silly get cb [ 304, undefined ]
129 verbose etag https://registry.npmjs.org/touch from cache
130 verbose get saving touch to /Users/yousef/.npm/registry.npmjs.org/touch/.cache.json
131 verbose correctMkdir /Users/yousef/.npm correctMkdir not in flight; initializing
132 silly rollbackFailedOptional Starting
133 silly rollbackFailedOptional Finishing
134 silly runTopLevelLifecycles Finishing
135 silly install printInstalled
136 verbose stack Error: ENOENT: no such file or directory, open '/Users/yousef/Documents/GitHub/frontend-nanodegree-mobile-portfolio-master/–save-dev'
136 verbose stack     at Error (native)
137 verbose cwd /Users/yousef/Documents/GitHub/frontend-nanodegree-mobile-portfolio-master
138 error Darwin 16.7.0
139 error argv "/usr/local/bin/node" "/usr/local/bin/npm" "install" "-g" "grunt-cli" "npm" "install" "–save-dev" "grunt" "touch" "Gruntfile.js"
140 error node v6.11.4
141 error npm  v3.10.10
142 error path /Users/yousef/Documents/GitHub/frontend-nanodegree-mobile-portfolio-master/–save-dev
143 error code ENOENT
144 error errno -2
145 error syscall open
146 error enoent ENOENT: no such file or directory, open '/Users/yousef/Documents/GitHub/frontend-nanodegree-mobile-portfolio-master/–save-dev'
147 error enoent ENOENT: no such file or directory, open '/Users/yousef/Documents/GitHub/frontend-nanodegree-mobile-portfolio-master/–save-dev'
147 error enoent This is most likely not a problem with npm itself
147 error enoent and is related to npm not being able to find a file.
148 verbose exit [ -2, true ]
